# JRE version: OpenJDK Runtime Environment Temurin-25.0.2+10 (25.0.2+10) (build 25.0.2+10-LTS)
# Java VM: OpenJDK 64-Bit Server VM Temurin-25.0.2+10 (25.0.2+10-LTS, mixed mode, sharing, tiered, compressed oops, compressed class ptrs, g1 gc, windows-amd64)
GC Precious Log:
 CardTable entry size: 512
 Card Set container configuration: InlinePtr #cards 5 size 8 Array Of Cards #cards 10 size 36 Howl #buckets 4 coarsen threshold 1843 Howl Bitmap #cards 512 size 80 coarsen threshold 460 Card regions per heap region 1 cards per card region 2048
 CPUs: 4 total, 4 available
 Memory: 7975M
 Large Page Support: Disabled
 NUMA Support: Disabled
 Compressed Oops: Enabled (32-bit)
 Heap Region Size: 1M
 Heap Min Capacity: 8M
 Heap Initial Capacity: 126M
 Heap Max Capacity: 1994M
 Pre-touch: Disabled
 Parallel Workers: 4
 Concurrent Workers: 1
 Concurrent Refinement Workers: 4
 Periodic GC: Disabled
Heap:
 garbage-first heap   total reserved 2041856K, committed 183296K, used 100329K [0x0000000083600000, 0x0000000100000000)
  region size 1024K, 5 young (5120K), 5 survivors (5120K)
GC Heap Usage History (20 events):
Event: 30.288 {heap After GC invocations=26 (full 0):
 garbage-first heap   total reserved 2041856K, committed 92160K, used 55769K [0x0000000083600000, 0x0000000100000000)
  region size 1024K, 4 young (4096K), 4 survivors (4096K)
}
Event: 30.370 {heap Before GC invocations=26 (full 0):
 garbage-first heap   total reserved 2041856K, committed 92160K, used 82393K [0x0000000083600000, 0x0000000100000000)
  region size 1024K, 30 young (30720K), 4 survivors (4096K)
}
Event: 30.377 {heap After GC invocations=27 (full 0):
 garbage-first heap   total reserved 2041856K, committed 92160K, used 53254K [0x0000000083600000, 0x0000000100000000)
  region size 1024K, 2 young (2048K), 2 survivors (2048K)
}
Event: 30.463 {heap Before GC invocations=27 (full 0):
 garbage-first heap   total reserved 2041856K, committed 92160K, used 82950K [0x0000000083600000, 0x0000000100000000)
  region size 1024K, 31 young (31744K), 2 survivors (2048K)
}
Event: 30.477 {heap After GC invocations=28 (full 0):
 garbage-first heap   total reserved 2041856K, committed 93184K, used 61168K [0x0000000083600000, 0x0000000100000000)
  region size 1024K, 4 young (4096K), 4 survivors (4096K)
}
Event: 30.536 {heap Before GC invocations=28 (full 0):
 garbage-first heap   total reserved 2041856K, committed 93184K, used 80624K [0x0000000083600000, 0x0000000100000000)
  region size 1024K, 23 young (23552K), 4 survivors (4096K)
}
Event: 30.554 {heap After GC invocations=29 (full 0):
 garbage-first heap   total reserved 2041856K, committed 177152K, used 68352K [0x0000000083600000, 0x0000000100000000)
  region size 1024K, 3 young (3072K), 3 survivors (3072K)
}
Event: 30.963 {heap Before GC invocations=30 (full 0):
 garbage-first heap   total reserved 2041856K, committed 177152K, used 156416K [0x0000000083600000, 0x0000000100000000)
  region size 1024K, 88 young (90112K), 3 survivors (3072K)
}
Event: 30.987 {heap After GC invocations=31 (full 0):
 garbage-first heap   total reserved 2041856K, committed 183296K, used 93184K [0x0000000083600000, 0x0000000100000000)
  region size 1024K, 11 young (11264K), 11 survivors (11264K)
}
Event: 32.632 {heap Before GC invocations=31 (full 0):
 garbage-first heap   total reserved 2041856K, committed 183296K, used 153600K [0x0000000083600000, 0x0000000100000000)
  region size 1024K, 70 young (71680K), 11 survivors (11264K)
}
Event: 32.650 {heap After GC invocations=32 (full 0):
 garbage-first heap   total reserved 2041856K, committed 183296K, used 101325K [0x0000000083600000, 0x0000000100000000)
  region size 1024K, 8 young (8192K), 8 survivors (8192K)
}
Event: 33.158 {heap Before GC invocations=32 (full 0):
 garbage-first heap   total reserved 2041856K, committed 183296K, used 155597K [0x0000000083600000, 0x0000000100000000)
  region size 1024K, 62 young (63488K), 8 survivors (8192K)
}
Event: 33.167 {heap After GC invocations=33 (full 0):
 garbage-first heap   total reserved 2041856K, committed 183296K, used 104960K [0x0000000083600000, 0x0000000100000000)
  region size 1024K, 7 young (7168K), 7 survivors (7168K)
}
Event: 33.353 {heap Before GC invocations=34 (full 0):
 garbage-first heap   total reserved 2041856K, committed 183296K, used 147968K [0x0000000083600000, 0x0000000100000000)
  region size 1024K, 60 young (61440K), 7 survivors (7168K)
}
Event: 33.373 {heap After GC invocations=35 (full 0):
 garbage-first heap   total reserved 2041856K, committed 183296K, used 111610K [0x0000000083600000, 0x0000000100000000)
  region size 1024K, 8 young (8192K), 8 survivors (8192K)
}
Event: 33.475 {heap Before GC invocations=35 (full 0):
 garbage-first heap   total reserved 2041856K, committed 183296K, used 155642K [0x0000000083600000, 0x0000000100000000)
  region size 1024K, 51 young (52224K), 8 survivors (8192K)
}
Event: 33.489 {heap After GC invocations=36 (full 0):
 garbage-first heap   total reserved 2041856K, committed 183296K, used 99205K [0x0000000083600000, 0x0000000100000000)
  region size 1024K, 6 young (6144K), 6 survivors (6144K)
}
Event: 33.624 {heap Before GC invocations=36 (full 0):
 garbage-first heap   total reserved 2041856K, committed 183296K, used 151429K [0x0000000083600000, 0x0000000100000000)
  region size 1024K, 57 young (58368K), 6 survivors (6144K)
}
Event: 33.632 {heap After GC invocations=37 (full 0):
 garbage-first heap   total reserved 2041856K, committed 183296K, used 97835K [0x0000000083600000, 0x0000000100000000)
  region size 1024K, 3 young (3072K), 3 survivors (3072K)
}
Event: 34.685 {heap Before GC invocations=37 (full 0):
 garbage-first heap   total reserved 2041856K, committed 183296K, used 155179K [0x0000000083600000, 0x0000000100000000)
  region size 1024K, 59 young (60416K), 3 survivors (3072K)
}

